[08:40:32] [Client thread/INFO]: Setting user: Player375
[08:40:32] [Client thread/INFO]: (Session ID is token:0:Player375)
[08:40:33] [Client thread/INFO]: [OptiFine] *** Reflector Forge ***
[08:40:33] [Client thread/INFO]: [OptiFine] *** Reflector Vanilla ***
[08:40:33] [Client thread/INFO]: [OptiFine] (Reflector) Class not present: net.minecraftforge.fml.common.eventhandler.Event$Result
[08:40:33] [Client thread/INFO]: [OptiFine] (Reflector) Class not present: net.minecraft.launchwrapper.Launch
[08:40:33] [Client thread/INFO]: LWJGL Version: 2.9.4
[08:40:34] [Client thread/INFO]: [OptiFine] 
[08:40:34] [Client thread/INFO]: [OptiFine] OptiFine_1.8.9_HD_U_M5
[08:40:34] [Client thread/INFO]: [OptiFine] Build: null
[08:40:34] [Client thread/INFO]: [OptiFine] OS: Windows 10 (amd64) version 10.0
[08:40:34] [Client thread/INFO]: [OptiFine] Java: 17.0.2, Eclipse Adoptium
[08:40:34] [Client thread/INFO]: [OptiFine] VM: OpenJDK 64-Bit Server VM (mixed mode), Eclipse Adoptium
[08:40:34] [Client thread/INFO]: [OptiFine] LWJGL: 2.9.4
[08:40:34] [Client thread/INFO]: [OptiFine] OpenGL: Intel(R) Iris(R) Plus Graphics, version 4.6.0 - Build 27.20.100.9365, Intel
[08:40:34] [Client thread/INFO]: [OptiFine] OpenGL Version: 4.6.0
[08:40:34] [Client thread/INFO]: [OptiFine] OpenGL Fancy fog: Not available (GL_NV_fog_distance)
[08:40:34] [Client thread/INFO]: [OptiFine] Maximum texture size: 16384x16384
[08:40:34] [VersionCheck/INFO]: [OptiFine] Checking for new version
[08:40:34] [VersionCheck/INFO]: [OptiFine] Version found: M5
[08:40:34] [Client thread/INFO]: [Shaders] OpenGL Version: 4.6.0 - Build 27.20.100.9365
[08:40:34] [Client thread/INFO]: [Shaders] Vendor:  Intel
[08:40:34] [Client thread/INFO]: [Shaders] Renderer: Intel(R) Iris(R) Plus Graphics
[08:40:34] [Client thread/INFO]: [Shaders] Capabilities:  2.0  2.1  3.0  3.2  4.0 
[08:40:34] [Client thread/INFO]: [Shaders] GL_MAX_DRAW_BUFFERS: 8
[08:40:34] [Client thread/INFO]: [Shaders] GL_MAX_COLOR_ATTACHMENTS_EXT: 8
[08:40:34] [Client thread/INFO]: [Shaders] GL_MAX_TEXTURE_IMAGE_UNITS: 32
[08:40:34] [Client thread/INFO]: [Shaders] Load shaders configuration.
[08:40:34] [Client thread/INFO]: [Shaders] Save shaders configuration.
[08:40:34] [Client thread/INFO]: [Shaders] No shaderpack loaded.
[08:40:34] [Client thread/INFO]: [OptiFine] (Reflector) Class not present: net.minecraftforge.fml.common.Loader
[08:40:34] [Client thread/INFO]: [OptiFine] (Reflector) Class not present: net.minecraftforge.fml.client.SplashProgress
[08:40:34] [Client thread/INFO]: Reloading ResourceManager: Default
[08:40:34] [Client thread/INFO]: [OptiFine] (Reflector) Class not present: optifine.OptiFineClassTransformer
[08:40:34] [Client thread/INFO]: [OptiFine] *** Reloading textures ***
[08:40:34] [Client thread/INFO]: [OptiFine] Resource packs: Default
[08:40:36] [Client thread/INFO]: [OptiFine] (Reflector) Class not present: net.minecraftforge.client.model.Attributes
[08:40:36] [Client thread/INFO]: [OptiFine] (Reflector) Method not present: net.minecraft.client.renderer.vertex.VertexFormatElement$EnumUsage.preDraw
[08:40:36] [Client thread/INFO]: [OptiFine] (Reflector) Method not present: net.minecraft.client.renderer.vertex.VertexFormatElement$EnumUsage.postDraw
[08:40:36] [Sound Library Loader/INFO]: Starting up SoundSystem...
[08:40:37] [Thread-5/INFO]: Initializing LWJGL OpenAL
[08:40:37] [Thread-5/INFO]: (The LWJGL binding of OpenAL.  For more information, see http://www.lwjgl.org)
[08:40:37] [Thread-5/INFO]: OpenAL initialized.
[08:40:37] [Sound Library Loader/INFO]: Sound engine started
[08:40:40] [Client thread/INFO]: [OptiFine] (Reflector) Class not present: net.minecraftforge.client.ForgeHooksClient
[08:40:41] [Client thread/INFO]: [OptiFine] Mipmap levels: 4
[08:40:41] [Client thread/INFO]: [OptiFine] Multitexture: false
[08:40:41] [Client thread/INFO]: [OptiFine] ConnectedTextures: mcpatcher/ctm/default/0_glass_white/glass_pane_white.properties
[08:40:41] [Client thread/INFO]: [OptiFine] ConnectedTextures: mcpatcher/ctm/default/0_glass_white/glass_white.properties
[08:40:41] [Client thread/INFO]: [OptiFine] ConnectedTextures: mcpatcher/ctm/default/10_glass_purple/glass_pane_purple.properties
[08:40:41] [Client thread/INFO]: [OptiFine] ConnectedTextures: mcpatcher/ctm/default/10_glass_purple/glass_purple.properties
[08:40:41] [Client thread/INFO]: [OptiFine] ConnectedTextures: mcpatcher/ctm/default/11_glass_blue/glass_blue.properties
[08:40:41] [Client thread/INFO]: [OptiFine] ConnectedTextures: mcpatcher/ctm/default/11_glass_blue/glass_pane_blue.properties
[08:40:41] [Client thread/INFO]: [OptiFine] ConnectedTextures: mcpatcher/ctm/default/12_glass_brown/glass_brown.properties
[08:40:41] [Client thread/INFO]: [OptiFine] ConnectedTextures: mcpatcher/ctm/default/12_glass_brown/glass_pane_brown.properties
[08:40:41] [Client thread/INFO]: [OptiFine] ConnectedTextures: mcpatcher/ctm/default/13_glass_green/glass_green.properties
[08:40:41] [Client thread/INFO]: [OptiFine] ConnectedTextures: mcpatcher/ctm/default/13_glass_green/glass_pane_green.properties
[08:40:41] [Client thread/INFO]: [OptiFine] ConnectedTextures: mcpatcher/ctm/default/14_glass_red/glass_pane_red.properties
[08:40:41] [Client thread/INFO]: [OptiFine] ConnectedTextures: mcpatcher/ctm/default/14_glass_red/glass_red.properties
[08:40:41] [Client thread/INFO]: [OptiFine] ConnectedTextures: mcpatcher/ctm/default/15_glass_black/glass_black.properties
[08:40:41] [Client thread/INFO]: [OptiFine] ConnectedTextures: mcpatcher/ctm/default/15_glass_black/glass_pane_black.properties
[08:40:41] [Client thread/INFO]: [OptiFine] ConnectedTextures: mcpatcher/ctm/default/1_glass_orange/glass_orange.properties
[08:40:41] [Client thread/INFO]: [OptiFine] ConnectedTextures: mcpatcher/ctm/default/1_glass_orange/glass_pane_orange.properties
[08:40:41] [Client thread/INFO]: [OptiFine] ConnectedTextures: mcpatcher/ctm/default/2_glass_magenta/glass_magenta.properties
[08:40:41] [Client thread/INFO]: [OptiFine] ConnectedTextures: mcpatcher/ctm/default/2_glass_magenta/glass_pane_magenta.properties
[08:40:41] [Client thread/INFO]: [OptiFine] ConnectedTextures: mcpatcher/ctm/default/3_glass_light_blue/glass_light_blue.properties
[08:40:41] [Client thread/INFO]: [OptiFine] ConnectedTextures: mcpatcher/ctm/default/3_glass_light_blue/glass_pane_light_blue.properties
[08:40:41] [Client thread/INFO]: [OptiFine] ConnectedTextures: mcpatcher/ctm/default/4_glass_yellow/glass_pane_yellow.properties
[08:40:41] [Client thread/INFO]: [OptiFine] ConnectedTextures: mcpatcher/ctm/default/4_glass_yellow/glass_yellow.properties
[08:40:41] [Client thread/INFO]: [OptiFine] ConnectedTextures: mcpatcher/ctm/default/5_glass_lime/glass_lime.properties
[08:40:41] [Client thread/INFO]: [OptiFine] ConnectedTextures: mcpatcher/ctm/default/5_glass_lime/glass_pane_lime.properties
[08:40:41] [Client thread/INFO]: [OptiFine] ConnectedTextures: mcpatcher/ctm/default/6_glass_pink/glass_pane_pink.properties
[08:40:41] [Client thread/INFO]: [OptiFine] ConnectedTextures: mcpatcher/ctm/default/6_glass_pink/glass_pink.properties
[08:40:41] [Client thread/INFO]: [OptiFine] ConnectedTextures: mcpatcher/ctm/default/7_glass_gray/glass_gray.properties
[08:40:41] [Client thread/INFO]: [OptiFine] ConnectedTextures: mcpatcher/ctm/default/7_glass_gray/glass_pane_gray.properties
[08:40:41] [Client thread/INFO]: [OptiFine] ConnectedTextures: mcpatcher/ctm/default/8_glass_silver/glass_pane_silver.properties
[08:40:41] [Client thread/INFO]: [OptiFine] ConnectedTextures: mcpatcher/ctm/default/8_glass_silver/glass_silver.properties
[08:40:41] [Client thread/INFO]: [OptiFine] ConnectedTextures: mcpatcher/ctm/default/9_glass_cyan/glass_cyan.properties
[08:40:41] [Client thread/INFO]: [OptiFine] ConnectedTextures: mcpatcher/ctm/default/9_glass_cyan/glass_pane_cyan.properties
[08:40:41] [Client thread/INFO]: [OptiFine] ConnectedTextures: mcpatcher/ctm/default/bookshelf.properties
[08:40:41] [Client thread/INFO]: [OptiFine] ConnectedTextures: mcpatcher/ctm/default/glass.properties
[08:40:41] [Client thread/INFO]: [OptiFine] ConnectedTextures: mcpatcher/ctm/default/glasspane.properties
[08:40:41] [Client thread/INFO]: [OptiFine] ConnectedTextures: mcpatcher/ctm/default/sandstone.properties
[08:40:41] [Client thread/INFO]: [OptiFine] Multipass connected textures: false
[08:40:41] [Client thread/INFO]: [OptiFine] BetterGrass: Parsing default configuration optifine/bettergrass.properties
[08:40:42] [Client thread/INFO]: Created: 1024x512 textures-atlas
[08:40:43] [Client thread/INFO]: [OptiFine] Animated sprites: 11
[08:40:43] [Client thread/INFO]: [OptiFine] (Reflector) Class not present: net.minecraftforge.client.model.ModelLoader
[08:40:43] [Client thread/INFO]: [OptiFine] (Reflector) Class not present: net.minecraftforge.client.ItemModelMesherForge
[08:40:43] [Client thread/INFO]: [OptiFine] (Reflector) Class not present: net.minecraftforge.fml.client.registry.RenderingRegistry
[08:40:43] [Client thread/INFO]: [OptiFine] (Reflector) Class not present: net.minecraftforge.common.ForgeModContainer
[08:40:44] [Client thread/INFO]: [OptiFine] (Reflector) Class not present: net.minecraftforge.fml.client.GuiModList
[08:40:44] [Client thread/INFO]: Logging in with username & password
[08:40:44] [Client thread/INFO]: [OptiFine] (Reflector) Class not present: mods.betterfoliage.client.BetterFoliageClient
[08:40:44] [Client thread/INFO]: [OptiFine] (Reflector) Class not present: net.minecraftforge.fml.common.asm.transformers.BlamingTransformer
[08:40:44] [Client thread/INFO]: [OptiFine] (Reflector) Class not present: net.minecraftforge.event.world.ChunkWatchEvent$UnWatch
[08:40:44] [Client thread/INFO]: [OptiFine] (Reflector) Class not present: net.minecraftforge.fml.relauncher.CoreModManager
[08:40:44] [Client thread/INFO]: [OptiFine] (Reflector) Class not present: net.minecraftforge.common.DimensionManager
[08:40:44] [Client thread/INFO]: [OptiFine] (Reflector) Class not present: net.minecraftforge.client.event.GuiScreenEvent$DrawScreenEvent$Pre
[08:40:44] [Client thread/INFO]: [OptiFine] (Reflector) Class not present: net.minecraftforge.client.event.GuiScreenEvent$DrawScreenEvent$Post
[08:40:44] [Client thread/INFO]: [OptiFine] (Reflector) Class not present: net.minecraftforge.client.event.EntityViewRenderEvent$CameraSetup
[08:40:44] [Client thread/INFO]: [OptiFine] (Reflector) Class not present: net.minecraftforge.client.event.EntityViewRenderEvent$FogColors
[08:40:44] [Client thread/INFO]: [OptiFine] (Reflector) Class not present: net.minecraftforge.fml.common.eventhandler.Event
[08:40:44] [Client thread/INFO]: [OptiFine] (Reflector) Class not present: net.minecraftforge.fml.common.eventhandler.EventBus
[08:40:44] [Client thread/INFO]: [OptiFine] (Reflector) Class not present: net.minecraftforge.common.property.ExtendedBlockState
[08:40:44] [Client thread/INFO]: [OptiFine] (Reflector) Class not present: net.minecraftforge.fml.client.FMLClientHandler
[08:40:44] [Client thread/INFO]: [OptiFine] (Reflector) Class not present: net.minecraftforge.fml.common.FMLCommonHandler
[08:40:44] [Client thread/INFO]: [OptiFine] (Reflector) Method not present: net.minecraft.world.biome.BiomeGenBase.getWaterColorMultiplier
[08:40:44] [Client thread/INFO]: [OptiFine] (Reflector) Method not present: net.minecraft.block.Block.addDestroyEffects
[08:40:44] [Client thread/INFO]: [OptiFine] (Reflector) Method not present: net.minecraft.block.Block.addHitEffects
[08:40:44] [Client thread/INFO]: [OptiFine] (Reflector) Method not present: net.minecraft.block.Block.canCreatureSpawn
[08:40:44] [Client thread/INFO]: [OptiFine] (Reflector) Method not present: net.minecraft.block.Block.canRenderInLayer
[08:40:44] [Client thread/INFO]: [OptiFine] (Reflector) Method not present: net.minecraft.block.Block.doesSideBlockRendering
[08:40:44] [Client thread/INFO]: [OptiFine] (Reflector) Method not present: net.minecraft.block.Block.getBedDirection
[08:40:44] [Client thread/INFO]: [OptiFine] (Reflector) Method not present: net.minecraft.block.Block.getExtendedState
[08:40:44] [Client thread/INFO]: [OptiFine] (Reflector) Method not present: net.minecraft.block.Block.getLightOpacity
[08:40:44] [Client thread/INFO]: [OptiFine] (Reflector) Method not present: net.minecraft.block.Block.getLightValue
[08:40:44] [Client thread/INFO]: [OptiFine] (Reflector) Method not present: net.minecraft.block.Block.hasTileEntity
[08:40:44] [Client thread/INFO]: [OptiFine] (Reflector) Method not present: net.minecraft.block.Block.isAir
[08:40:44] [Client thread/INFO]: [OptiFine] (Reflector) Method not present: net.minecraft.block.Block.isBed
[08:40:44] [Client thread/INFO]: [OptiFine] (Reflector) Method not present: net.minecraft.block.Block.isBedFoot
[08:40:44] [Client thread/INFO]: [OptiFine] (Reflector) Method not present: net.minecraft.block.Block.isSideSolid
[08:40:44] [Client thread/INFO]: [OptiFine] (Reflector) Method not present: net.minecraft.world.ChunkCache.isSideSolid
[08:40:44] [Client thread/INFO]: [OptiFine] (Reflector) Method not present: net.minecraft.entity.Entity.canRiderInteract
[08:40:44] [Client thread/INFO]: [OptiFine] (Reflector) Field not present: net.minecraft.entity.Entity.captureDrops
[08:40:44] [Client thread/INFO]: [OptiFine] (Reflector) Field not present: net.minecraft.entity.Entity.capturedDrops
[08:40:44] [Client thread/INFO]: [OptiFine] (Reflector) Method not present: net.minecraft.entity.Entity.shouldRenderInPass
[08:40:44] [Client thread/INFO]: [OptiFine] (Reflector) Method not present: net.minecraft.entity.Entity.shouldRiderSit
[08:40:44] [Client thread/INFO]: [OptiFine] (Reflector) Class not present: net.minecraftforge.event.ForgeEventFactory
[08:40:44] [Client thread/INFO]: [OptiFine] (Reflector) Class not present: net.minecraftforge.common.ForgeHooks
[08:40:44] [Client thread/INFO]: [OptiFine] (Reflector) Field not present: net.minecraft.item.Item.delegate
[08:40:44] [Client thread/INFO]: [OptiFine] (Reflector) Method not present: net.minecraft.item.Item.getDurabilityForDisplay
[08:40:44] [Client thread/INFO]: [OptiFine] (Reflector) Method not present: net.minecraft.item.Item.getModel
[08:40:44] [Client thread/INFO]: [OptiFine] (Reflector) Method not present: net.minecraft.item.Item.onEntitySwing
[08:40:44] [Client thread/INFO]: [OptiFine] (Reflector) Method not present: net.minecraft.item.Item.shouldCauseReequipAnimation
[08:40:44] [Client thread/INFO]: [OptiFine] (Reflector) Method not present: net.minecraft.item.Item.showDurabilityBar
[08:40:44] [Client thread/INFO]: [OptiFine] (Reflector) Method not present: net.minecraft.potion.PotionEffect.isCurativeItem
[08:40:44] [Client thread/INFO]: [OptiFine] (Reflector) Method not present: net.minecraft.tileentity.TileEntity.canRenderBreaking
[08:40:44] [Client thread/INFO]: [OptiFine] (Reflector) Method not present: net.minecraft.tileentity.TileEntity.getRenderBoundingBox
[08:40:44] [Client thread/INFO]: [OptiFine] (Reflector) Method not present: net.minecraft.tileentity.TileEntity.hasFastRenderer
[08:40:44] [Client thread/INFO]: [OptiFine] (Reflector) Method not present: net.minecraft.tileentity.TileEntity.shouldRenderInPass
[08:40:44] [Client thread/INFO]: [OptiFine] (Reflector) Method not present: net.minecraft.world.World.countEntities
[08:40:44] [Client thread/INFO]: [OptiFine] (Reflector) Method not present: net.minecraft.world.World.getPerWorldStorage
[08:40:44] [Client thread/INFO]: [OptiFine] (Reflector) Method not present: net.minecraft.world.WorldProvider.getCloudRenderer
[08:40:44] [Client thread/INFO]: [OptiFine] (Reflector) Method not present: net.minecraft.world.WorldProvider.getSkyRenderer
[08:40:44] [Client thread/INFO]: [OptiFine] (Reflector) Method not present: net.minecraft.world.WorldProvider.getWeatherRenderer
[08:40:44] [Client thread/INFO]: [OptiFine] (Reflector) Method not present: net.minecraft.world.WorldProvider.getSaveFolder
[08:40:44] [Client thread/INFO]: [OptiFine] (Reflector) Class not present: net.minecraftforge.client.model.IColoredBakedQuad
[08:40:44] [Client thread/INFO]: [OptiFine] (Reflector) Class not present: net.minecraftforge.common.property.IExtendedBlockState
[08:40:44] [Client thread/INFO]: [OptiFine] (Reflector) Class not present: net.minecraftforge.client.model.IModel
[08:40:44] [Client thread/INFO]: [OptiFine] (Reflector) Class not present: net.minecraftforge.client.IRenderHandler
[08:40:44] [Client thread/INFO]: [OptiFine] (Reflector) Class not present: net.minecraftforge.client.model.pipeline.LightUtil
[08:40:44] [Client thread/INFO]: [OptiFine] (Reflector) Class not present: net.minecraftforge.common.MinecraftForge
[08:40:44] [Client thread/INFO]: [OptiFine] (Reflector) Class not present: net.minecraftforge.client.MinecraftForgeClient
[08:40:44] [Client thread/INFO]: [OptiFine] (Reflector) Class not present: net.minecraftforge.fml.common.ModContainer
[08:40:44] [Client thread/INFO]: [OptiFine] (Reflector) Class not present: net.minecraftforge.client.model.ModelLoader$VanillaLoader
[08:40:44] [Client thread/INFO]: [OptiFine] (Reflector) Class not present: net.minecraftforge.client.event.RenderBlockOverlayEvent$OverlayType
[08:40:44] [Client thread/INFO]: [OptiFine] (Reflector) Class not present: net.minecraftforge.client.event.RenderItemInFrameEvent
[08:40:44] [Client thread/INFO]: [OptiFine] (Reflector) Class not present: net.minecraftforge.client.event.RenderLivingEvent$Pre
[08:40:44] [Client thread/INFO]: [OptiFine] (Reflector) Class not present: net.minecraftforge.client.event.RenderLivingEvent$Post
[08:40:44] [Client thread/INFO]: [OptiFine] (Reflector) Class not present: net.minecraftforge.client.event.RenderLivingEvent$Specials$Pre
[08:40:44] [Client thread/INFO]: [OptiFine] (Reflector) Class not present: net.minecraftforge.client.event.RenderLivingEvent$Specials$Post
[08:40:44] [Client thread/INFO]: [OptiFine] (Reflector) Class not present: net.minecraftforge.event.world.WorldEvent$Load
[08:40:44] [Client thread/INFO]: [OptiFine] *** Reloading custom textures ***
[08:40:45] [Client thread/INFO]: [OptiFine] Enable face culling: acacia_leaves, birch_leaves, dark_oak_leaves, jungle_leaves, oak_leaves, spruce_leaves
[08:40:51] [Server thread/INFO]: Starting integrated minecraft server version 1.9
[08:40:51] [Server thread/INFO]: Generating keypair
[08:40:51] [Server thread/INFO]: Preparing start region for level 0
[08:40:51] [Server thread/INFO]: Changing view distance to 8, from 10
[08:40:51] [Server thread/INFO]: _terminal__[local:E:9007334a] logged in with entity id 55 at (72.77276550091484, 9.156221996727496, -5.145379276933407)
[08:40:51] [Server thread/INFO]: _terminal__ joined the game
[08:40:56] [Server thread/INFO]: Saving and pausing game...
[08:40:56] [Server thread/INFO]: Saving chunks for level 'bridging'/Overworld
[08:40:56] [Server thread/INFO]: Saving chunks for level 'bridging'/Nether
[08:40:56] [Server thread/INFO]: Saving chunks for level 'bridging'/The End
[08:40:59] [Server thread/INFO]: Saving and pausing game...
[08:40:59] [Server thread/INFO]: Saving chunks for level 'bridging'/Overworld
[08:40:59] [Server thread/INFO]: Saving chunks for level 'bridging'/Nether
[08:40:59] [Server thread/INFO]: Saving chunks for level 'bridging'/The End
[08:41:15] [Server thread/INFO]: Saving and pausing game...
[08:41:15] [Server thread/INFO]: Saving chunks for level 'bridging'/Overworld
[08:41:15] [Server thread/INFO]: Saving chunks for level 'bridging'/Nether
[08:41:15] [Server thread/INFO]: Saving chunks for level 'bridging'/The End
[08:41:30] [Server thread/INFO]: [_terminal__: Set the time to 1000]
[08:41:30] [Client thread/INFO]: [CHAT] Set the time to 1000
[08:41:34] [Server thread/INFO]: Saving and pausing game...
[08:41:34] [Server thread/INFO]: Saving chunks for level 'bridging'/Overworld
[08:41:34] [Server thread/INFO]: Saving chunks for level 'bridging'/Nether
[08:41:34] [Server thread/INFO]: Saving chunks for level 'bridging'/The End
[08:41:42] [Server thread/INFO]: Saving and pausing game...
[08:41:42] [Server thread/INFO]: Saving chunks for level 'bridging'/Overworld
[08:41:42] [Server thread/INFO]: Saving chunks for level 'bridging'/Nether
[08:41:42] [Server thread/INFO]: Saving chunks for level 'bridging'/The End
[08:42:26] [Server thread/INFO]: Saving and pausing game...
[08:42:26] [Server thread/INFO]: Saving chunks for level 'bridging'/Overworld
[08:42:26] [Server thread/INFO]: Saving chunks for level 'bridging'/Nether
[08:42:26] [Server thread/INFO]: Saving chunks for level 'bridging'/The End
[08:42:31] [Server thread/INFO]: Saving and pausing game...
[08:42:32] [Server thread/INFO]: Saving chunks for level 'bridging'/Overworld
[08:42:32] [Server thread/INFO]: Saving chunks for level 'bridging'/Nether
[08:42:32] [Server thread/INFO]: Saving chunks for level 'bridging'/The End
[08:42:37] [Server thread/INFO]: Saving and pausing game...
[08:42:37] [Server thread/INFO]: Saving chunks for level 'bridging'/Overworld
[08:42:37] [Server thread/INFO]: Saving chunks for level 'bridging'/Nether
[08:42:37] [Server thread/INFO]: Saving chunks for level 'bridging'/The End
[08:42:37] [Server thread/INFO]: Stopping server
[08:42:37] [Server thread/INFO]: Saving players
[08:42:37] [Server thread/INFO]: Saving worlds
[08:42:37] [Server thread/INFO]: Saving chunks for level 'bridging'/Overworld
[08:42:37] [Server thread/INFO]: Saving chunks for level 'bridging'/Nether
[08:42:37] [Server thread/INFO]: Saving chunks for level 'bridging'/The End
[08:42:38] [Client thread/INFO]: Stopping!
[08:42:38] [Client thread/INFO]: SoundSystem shutting down...
[08:42:39] [Client thread/WARN]: Author: Paul Lamb, www.paulscode.com
